<?xml version="1.0" encoding="UTF-8"?>
<!-- Generated by org.testng.reporters.JUnitReportReporter -->
<testsuite hostname="Arups-MacBook-Air.local" failures="0" tests="1" name="testCases.TC001_AccountRegistrationTest" time="7.228" errors="0" timestamp="2025-09-13T00:05:54 IST" skipped="0">
  <testcase classname="testCases.TC001_AccountRegistrationTest" name="verify_account_registration" time="7.228"/>
</testsuite> <!-- testCases.TC001_AccountRegistrationTest -->
