<?xml version="1.0" encoding="UTF-8"?>
<!-- Generated by org.testng.reporters.JUnitReportReporter -->
<testsuite hostname="Arups-MacBook-Air.local" failures="0" tests="1" name="testCases.TC002_LoginTest" time="1.849" errors="0" timestamp="2025-09-13T00:05:54 IST" skipped="0">
  <testcase classname="testCases.TC002_LoginTest" name="verify_login" time="1.849"/>
</testsuite> <!-- testCases.TC002_LoginTest -->
